[debug] [2023-04-06T16:02:31.399Z] ----------------------------------------------------------------------
[debug] [2023-04-06T16:02:31.401Z] Command:       C:\Program Files\nodejs\node.exe C:\Users\bnvsa\AppData\Roaming\npm\node_modules\firebase-tools\lib\bin\firebase.js init
[debug] [2023-04-06T16:02:31.403Z] CLI Version:   11.25.2
[debug] [2023-04-06T16:02:31.403Z] Platform:      win32
[debug] [2023-04-06T16:02:31.403Z] Node Version:  v18.12.1
[debug] [2023-04-06T16:02:31.406Z] Time:          Thu Apr 06 2023 21:32:31 GMT+0530 (India Standard Time)
[debug] [2023-04-06T16:02:31.406Z] ----------------------------------------------------------------------
[debug] 
[debug] [2023-04-06T16:02:31.421Z] > command requires scopes: ["email","openid","https://www.googleapis.com/auth/cloudplatformprojects.readonly","https://www.googleapis.com/auth/firebase","https://www.googleapis.com/auth/cloud-platform"]
[debug] [2023-04-06T16:02:31.422Z] > authorizing via signed-in user (bnvsathwik75@gmail.com)
[info] 
     ######## #### ########  ######## ########     ###     ######  ########
     ##        ##  ##     ## ##       ##     ##  ##   ##  ##       ##
     ######    ##  ########  ######   ########  #########  ######  ######
     ##        ##  ##    ##  ##       ##     ## ##     ##       ## ##
     ##       #### ##     ## ######## ########  ##     ##  ######  ########

You're about to initialize a Firebase project in this directory:

  C:\Users\bnvsa\Desktop\Vishnu-paradise\hotel-starter-main

[info] 
=== Project Setup
[info] 
[info] First, let's associate this project directory with a Firebase project.
[info] You can create multiple project aliases by running firebase use --add, 
[info] but for now we'll just set up a default project.
[info] 
[debug] [2023-04-06T16:02:45.209Z] > refreshing access token with scopes: []
[debug] [2023-04-06T16:02:45.212Z] >>> [apiv2][query] POST https://www.googleapis.com/oauth2/v3/token [none]
[debug] [2023-04-06T16:02:45.212Z] >>> [apiv2][body] POST https://www.googleapis.com/oauth2/v3/token [omitted]
[debug] [2023-04-06T16:02:45.576Z] <<< [apiv2][status] POST https://www.googleapis.com/oauth2/v3/token 200
[debug] [2023-04-06T16:02:45.577Z] <<< [apiv2][body] POST https://www.googleapis.com/oauth2/v3/token [omitted]
[debug] [2023-04-06T16:02:45.593Z] >>> [apiv2][query] GET https://firebase.googleapis.com/v1beta1/projects pageSize=100
[debug] [2023-04-06T16:02:46.406Z] <<< [apiv2][status] GET https://firebase.googleapis.com/v1beta1/projects 200
[debug] [2023-04-06T16:02:46.407Z] <<< [apiv2][body] GET https://firebase.googleapis.com/v1beta1/projects [omitted]
